<?xml version="1.0" encoding="UTF-8"?>
<!-- Generated by org.testng.reporters.JUnitReportReporter -->
<testsuite hostname="DESKTOP-PUJJMK1" failures="0" tests="3" name="com.scenario.automate.HandleAlertTests" time="3.857" errors="0" timestamp="22 Feb 2024 07:01:04 GMT">
  <testcase classname="com.scenario.automate.HandleAlertTests" name="cancelAlertTest" time="2.071"/>
  <testcase classname="com.scenario.automate.HandleAlertTests" name="sendAlertMessageTest" time="0.917"/>
  <testcase classname="com.scenario.automate.HandleAlertTests" name="handleAlertTest" time="0.869"/>
</testsuite> <!-- com.scenario.automate.HandleAlertTests -->
