<?xml version="1.0" encoding="UTF-8"?>
<!-- Generated by org.testng.reporters.JUnitReportReporter -->
<testsuite hostname="DESKTOP-PUJJMK1" failures="0" tests="2" name="com.scenario.automate.JsonTests" time="0.009" errors="0" timestamp="26 Feb 2024 06:06:11 GMT">
  <testcase classname="com.scenario.automate.JsonTests" name="testConversion" time="0.002"/>
  <testcase classname="com.scenario.automate.JsonTests" name="jsonTest2" time="0.007"/>
</testsuite> <!-- com.scenario.automate.JsonTests -->
