<?xml version="1.0" encoding="UTF-8"?>
<!-- Generated by org.testng.reporters.JUnitReportReporter -->
<testsuite hostname="DESKTOP-PUJJMK1" failures="0" tests="1" name="com.scenario.automate.WaitAndClickElementTest" time="8.276" errors="0" timestamp="20 Feb 2024 07:09:30 GMT">
  <testcase classname="com.scenario.automate.WaitAndClickElementTest" name="dropDownSelector" time="8.276"/>
</testsuite> <!-- com.scenario.automate.WaitAndClickElementTest -->
