<?xml version="1.0" encoding="UTF-8"?>
<!-- Generated by org.testng.reporters.JUnitReportReporter -->
<testsuite hostname="DESKTOP-PUJJMK1" failures="0" tests="1" name="com.scenario.automate.HandleAlertTests" time="1.636" errors="0" timestamp="2024-03-11T12:05:55 IST" skipped="0">
  <testcase classname="com.scenario.automate.HandleAlertTests" name="handleAlertTest" time="1.636"/>
</testsuite> <!-- com.scenario.automate.HandleAlertTests -->
