<?xml version="1.0" encoding="UTF-8"?>
<!-- Generated by org.testng.reporters.JUnitReportReporter -->
<testsuite hostname="DESKTOP-PUJJMK1" failures="0" tests="4" name="org.effigo.bdd.TestRunner" time="44.955" errors="0" timestamp="2024-03-28T14:41:01 IST" skipped="0">
  <testcase classname="org.effigo.bdd.TestRunner" name="runScenario" time="9.845"/>
  <testcase classname="org.effigo.bdd.TestRunner" name="runScenario" time="11.422"/>
  <testcase classname="org.effigo.bdd.TestRunner" name="runScenario" time="11.652"/>
  <testcase classname="org.effigo.bdd.TestRunner" name="runScenario" time="12.036"/>
</testsuite> <!-- org.effigo.bdd.TestRunner -->
