<?xml version="1.0" encoding="UTF-8"?>
<!-- Generated by org.testng.reporters.JUnitReportReporter -->
<testsuite hostname="DESKTOP-PUJJMK1" failures="0" tests="3" name="org.effigo.bdd.TestRunner" time="165.184" errors="0" timestamp="2024-03-22T10:47:17 IST" skipped="0">
  <testcase classname="org.effigo.bdd.TestRunner" name="runScenario" time="61.066"/>
  <testcase classname="org.effigo.bdd.TestRunner" name="runScenario" time="50.586"/>
  <testcase classname="org.effigo.bdd.TestRunner" name="runScenario" time="53.532"/>
</testsuite> <!-- org.effigo.bdd.TestRunner -->
