<?xml version="1.0" encoding="UTF-8"?>
<!-- Generated by org.testng.reporters.JUnitReportReporter -->
<testsuite hostname="DESKTOP-PUJJMK1" failures="0" tests="1" name="org.effigo.bdd.TestRunner" time="15.383" errors="0" timestamp="2024-04-04T17:27:59 IST" skipped="0">
  <testcase classname="org.effigo.bdd.TestRunner" name="runScenario" time="15.383"/>
</testsuite> <!-- org.effigo.bdd.TestRunner -->
