<?xml version="1.0" encoding="UTF-8"?>
<!-- Generated by org.testng.reporters.JUnitReportReporter -->
<testsuite hostname="DESKTOP-PUJJMK1" failures="0" tests="4" name="org.effigo.bdd.TestRunner" time="76.912" errors="4" timestamp="2024-03-29T15:20:25 IST" skipped="0">
  <testcase classname="org.effigo.bdd.TestRunner" name="runScenario" time="24.016">
    <error message="Cannot invoke &quot;org.openqa.selenium.WebDriver.close()&quot; because &quot;this.driver&quot; is null" type="java.lang.NullPointerException">
      <![CDATA[java.lang.NullPointerException: Cannot invoke "org.openqa.selenium.WebDriver.close()" because "this.driver" is null
at org.effigo.bdd.stepdefs.RedirectStepDef.destroy(RedirectStepDef.java:23)
]]>
    </error>
  </testcase> <!-- runScenario -->
  <testcase classname="org.effigo.bdd.TestRunner" name="runScenario" time="19.097">
    <error message="Cannot invoke &quot;org.openqa.selenium.WebDriver.close()&quot; because &quot;this.driver&quot; is null" type="java.lang.NullPointerException">
      <![CDATA[java.lang.NullPointerException: Cannot invoke "org.openqa.selenium.WebDriver.close()" because "this.driver" is null
at org.effigo.bdd.stepdefs.RedirectStepDef.destroy(RedirectStepDef.java:23)
]]>
    </error>
  </testcase> <!-- runScenario -->
  <testcase classname="org.effigo.bdd.TestRunner" name="runScenario" time="16.398">
    <error message="Cannot invoke &quot;org.openqa.selenium.WebDriver.close()&quot; because &quot;this.driver&quot; is null" type="java.lang.NullPointerException">
      <![CDATA[java.lang.NullPointerException: Cannot invoke "org.openqa.selenium.WebDriver.close()" because "this.driver" is null
at org.effigo.bdd.stepdefs.RedirectStepDef.destroy(RedirectStepDef.java:23)
]]>
    </error>
  </testcase> <!-- runScenario -->
  <testcase classname="org.effigo.bdd.TestRunner" name="runScenario" time="17.401">
    <error message="Cannot invoke &quot;org.openqa.selenium.WebDriver.close()&quot; because &quot;this.driver&quot; is null" type="java.lang.NullPointerException">
      <![CDATA[java.lang.NullPointerException: Cannot invoke "org.openqa.selenium.WebDriver.close()" because "this.driver" is null
at org.effigo.bdd.stepdefs.RedirectStepDef.destroy(RedirectStepDef.java:23)
]]>
    </error>
  </testcase> <!-- runScenario -->
</testsuite> <!-- org.effigo.bdd.TestRunner -->
