<?xml version="1.0" encoding="UTF-8"?>
<!-- Generated by org.testng.reporters.JUnitReportReporter -->
<testsuite hostname="DESKTOP-PUJJMK1" failures="0" tests="2" name="org.effigo.bdd.TestRunner" time="67.225" errors="0" timestamp="2024-03-19T15:31:07 IST" skipped="0">
  <testcase classname="org.effigo.bdd.TestRunner" name="runScenario" time="25.564"/>
  <testcase classname="org.effigo.bdd.TestRunner" name="runScenario" time="41.661"/>
</testsuite> <!-- org.effigo.bdd.TestRunner -->
