<?xml version="1.0" encoding="UTF-8"?>
<!-- Generated by org.testng.reporters.JUnitReportReporter -->
<testsuite hostname="DESKTOP-PUJJMK1" failures="0" tests="1" name="com.learn.app.AppApplicationTests" time="0.001" errors="0" timestamp="2024-02-15T16:02:28 IST" skipped="0">
  <testcase classname="com.learn.app.AppApplicationTests" name="startSoapXmlTest" time="0.001"/>
</testsuite> <!-- com.learn.app.AppApplicationTests -->
