<?xml version="1.0" encoding="UTF-8"?>
<!-- Generated by org.testng.reporters.JUnitReportReporter -->
<testsuite hostname="DESKTOP-PUJJMK1" failures="0" tests="3" name="com.learn.app.coursetests.AddCoursesTest" time="0.601" errors="0" timestamp="2024-02-15T16:02:28 IST" skipped="0">
  <testcase classname="com.learn.app.coursetests.AddCoursesTest" name="addCourseAuthor" time="0.146"/>
  <testcase classname="com.learn.app.coursetests.AddCoursesTest" name="testAddCoursesAdmin" time="0.327"/>
  <testcase classname="com.learn.app.coursetests.AddCoursesTest" name="addCourseLearner" time="0.128"/>
</testsuite> <!-- com.learn.app.coursetests.AddCoursesTest -->
