<?xml version="1.0" encoding="UTF-8"?>
<!-- Generated by org.testng.reporters.JUnitReportReporter -->
<testsuite hostname="DESKTOP-PUJJMK1" failures="0" tests="2" name="com.learn.app.AuthTests.LoginTests" time="2.572" errors="0" timestamp="2024-02-14T15:22:58 IST" skipped="0">
  <testcase classname="com.learn.app.AuthTests.LoginTests" name="testLoginSuccess" time="2.388"/>
  <testcase classname="com.learn.app.AuthTests.LoginTests" name="testLoginFail" time="0.184"/>
</testsuite> <!-- com.learn.app.AuthTests.LoginTests -->
