<?xml version="1.0" encoding="UTF-8"?>
<!-- Generated by org.testng.reporters.JUnitReportReporter -->
<testsuite hostname="DESKTOP-PUJJMK1" failures="0" tests="2" name="com.learn.app.authtests.RegisterTest" time="0.623" errors="0" timestamp="2024-02-15T16:02:28 IST" skipped="0">
  <testcase classname="com.learn.app.authtests.RegisterTest" name="testRegisterFailByNull" time="0.072"/>
  <testcase classname="com.learn.app.authtests.RegisterTest" name="testRegisterSuccess" time="0.551"/>
</testsuite> <!-- com.learn.app.authtests.RegisterTest -->
