<?xml version="1.0" encoding="UTF-8"?>
<!-- Generated by org.testng.reporters.JUnitReportReporter -->
<testsuite hostname="DESKTOP-PUJJMK1" failures="0" tests="2" name="com.learn.app.AuthTests.RegisterTest" time="0.209" errors="0" timestamp="2024-02-14T15:22:58 IST" skipped="0">
  <testcase classname="com.learn.app.AuthTests.RegisterTest" name="testRegisterFailByNull" time="0.048"/>
  <testcase classname="com.learn.app.AuthTests.RegisterTest" name="testRegisterSuccess" time="0.161"/>
</testsuite> <!-- com.learn.app.AuthTests.RegisterTest -->
