<?xml version="1.0" encoding="UTF-8"?>
<!-- Generated by org.testng.reporters.JUnitReportReporter -->
<testsuite hostname="DESKTOP-PUJJMK1" failures="0" tests="3" name="com.learn.app.authtests.RegisterAndLoginTest" time="1.712" errors="0" timestamp="2024-02-19T11:08:40 IST" skipped="0">
  <testcase classname="com.learn.app.authtests.RegisterAndLoginTest" name="testCategory" time="0.038"/>
  <testcase classname="com.learn.app.authtests.RegisterAndLoginTest" name="testLogin" time="0.122"/>
  <testcase classname="com.learn.app.authtests.RegisterAndLoginTest" name="testRegister" time="1.552"/>
</testsuite> <!-- com.learn.app.authtests.RegisterAndLoginTest -->
