<?xml version="1.0" encoding="UTF-8"?>
<!-- Generated by org.testng.reporters.JUnitReportReporter -->
<testsuite hostname="DESKTOP-PUJJMK1" failures="0" tests="3" name="com.learn.app.AppApplicationTests" time="3.217" errors="0" timestamp="2024-02-14T13:19:27 IST" skipped="0">
  <testcase classname="com.learn.app.AppApplicationTests" name="testCategory" time="1.904"/>
  <testcase classname="com.learn.app.AppApplicationTests" name="testRegister" time="1.166"/>
  <testcase classname="com.learn.app.AppApplicationTests" name="testLogin" time="0.147"/>
</testsuite> <!-- com.learn.app.AppApplicationTests -->
