<?xml version="1.0" encoding="UTF-8"?>
<!-- Generated by org.testng.reporters.JUnitReportReporter -->
<testsuite hostname="DESKTOP-PUJJMK1" failures="0" tests="2" name="com.learn.app.authtests.LoginTests" time="2.114" errors="0" timestamp="2024-02-15T16:46:56 IST" skipped="0">
  <testcase classname="com.learn.app.authtests.LoginTests" name="testLoginSuccess" time="1.952"/>
  <testcase classname="com.learn.app.authtests.LoginTests" name="testLoginFail" time="0.162"/>
</testsuite> <!-- com.learn.app.authtests.LoginTests -->
