<?xml version="1.0" encoding="UTF-8"?>
<!-- Generated by org.testng.reporters.JUnitReportReporter -->
<testsuite hostname="DESKTOP-PUJJMK1" failures="0" tests="3" name="com.learn.app.authtests.RegisterAndLoginTest" time="0.267" errors="0" timestamp="2024-02-15T16:02:28 IST" skipped="0">
  <testcase classname="com.learn.app.authtests.RegisterAndLoginTest" name="testLogin" time="0.107"/>
  <testcase classname="com.learn.app.authtests.RegisterAndLoginTest" name="testCategory" time="0.041"/>
  <testcase classname="com.learn.app.authtests.RegisterAndLoginTest" name="testRegister" time="0.119"/>
</testsuite> <!-- com.learn.app.authtests.RegisterAndLoginTest -->
