<?xml version="1.0" encoding="UTF-8"?>
<!-- Generated by org.testng.reporters.JUnitReportReporter -->
<testsuite hostname="DESKTOP-PUJJMK1" failures="0" tests="2" name="com.learn.app.coursetests.GetCoursesTest" time="0.307" errors="0" timestamp="2024-02-15T16:02:28 IST" skipped="0">
  <testcase classname="com.learn.app.coursetests.GetCoursesTest" name="getCourseByid" time="0.178"/>
  <testcase classname="com.learn.app.coursetests.GetCoursesTest" name="testGetCourses" time="0.129"/>
</testsuite> <!-- com.learn.app.coursetests.GetCoursesTest -->
