<?xml version="1.0" encoding="UTF-8"?>
<!-- Generated by org.testng.reporters.JUnitReportReporter -->
<testsuite hostname="DESKTOP-PUJJMK1" failures="0" tests="3" name="com.learn.app.AppApplicationTests" time="0.276" errors="0" timestamp="2024-02-14T15:22:58 IST" skipped="0">
  <testcase classname="com.learn.app.AppApplicationTests" name="testCategory" time="0.059"/>
  <testcase classname="com.learn.app.AppApplicationTests" name="testRegister" time="0.106"/>
  <testcase classname="com.learn.app.AppApplicationTests" name="testLogin" time="0.111"/>
</testsuite> <!-- com.learn.app.AppApplicationTests -->
